<?xml version="1.0" encoding="UTF-8"?>
<!-- Generated by org.testng.reporters.JUnitReportReporter -->
<testsuite hostname="DESKTOP-7JQ4DLN" failures="0" tests="5" name="test.amazonHomeTest" time="37.441" errors="0" timestamp="28 Oct 2021 14:46:57 GMT">
  <testcase classname="test.amazonHomeTest" name="logout" time="4.058"/>
  <testcase classname="test.amazonHomeTest" name="search" time="6.672"/>
  <testcase classname="test.amazonHomeTest" name="findMin" time="2.001"/>
  <testcase classname="test.amazonHomeTest" name="login" time="8.117"/>
  <testcase classname="test.amazonHomeTest" name="addToCart" time="16.593"/>
</testsuite> <!-- test.amazonHomeTest -->
